INFO 2022-11-19 11:09:12,879 autoreload 5984 2240 D:\Program\Prog\DojangoSem_003\test\homework\myapp\views.py changed, reloading.
INFO 2022-11-19 11:09:13,277 autoreload 13772 16336 Watching for file changes with StatReloader
INFO 2022-11-19 11:09:18,537 autoreload 17900 19572 Watching for file changes with StatReloader
INFO 2022-11-19 11:09:20,611 basehttp 17900 11604 "GET /1/ HTTP/1.1" 200 524
INFO 2022-11-19 11:09:25,324 basehttp 17900 11604 "GET /2/ HTTP/1.1" 200 533
INFO 2022-11-19 11:09:28,169 basehttp 17900 11604 "GET /3/ HTTP/1.1" 200 533
INFO 2022-11-19 11:13:28,025 basehttp 17900 11604 "GET /3/ HTTP/1.1" 200 533
INFO 2022-11-19 11:13:28,775 basehttp 17900 11604 "GET /3/ HTTP/1.1" 200 533
INFO 2022-11-19 11:13:35,705 autoreload 10848 11664 Watching for file changes with StatReloader
INFO 2022-11-19 11:13:38,830 basehttp 10848 17552 "GET / HTTP/1.1" 200 1292
INFO 2022-11-19 11:13:40,306 basehttp 10848 17552 "GET /1/ HTTP/1.1" 200 530
INFO 2023-12-14 11:27:00,539 autoreload 624 13244 Watching for file changes with StatReloader
INFO 2023-12-14 11:27:05,665 basehttp 624 19720 "GET / HTTP/1.1" 200 1292
WARNING 2023-12-14 11:27:05,765 log 624 19720 Not Found: /favicon.ico
WARNING 2023-12-14 11:27:05,765 basehttp 624 19720 "GET /favicon.ico HTTP/1.1" 404 2471
INFO 2023-12-14 11:27:06,733 basehttp 624 19720 "GET /1/ HTTP/1.1" 200 346
INFO 2023-12-14 11:27:10,046 basehttp 624 19720 "GET /2/ HTTP/1.1" 200 408
INFO 2023-12-14 11:27:13,824 basehttp 624 19720 "GET /3/ HTTP/1.1" 200 448
INFO 2023-12-14 11:27:16,759 basehttp 624 19720 "GET /1/ HTTP/1.1" 200 346
INFO 2023-12-14 11:27:27,964 basehttp 624 19720 "GET /2/ HTTP/1.1" 200 408
INFO 2023-12-14 11:27:30,421 basehttp 624 19720 "GET /3/ HTTP/1.1" 200 448
INFO 2023-12-19 11:28:49,908 autoreload 12568 16816 Watching for file changes with StatReloader
INFO 2023-12-19 11:28:52,328 basehttp 12568 11400 "GET / HTTP/1.1" 200 1292
INFO 2023-12-19 11:28:53,347 basehttp 12568 11400 "GET /1/ HTTP/1.1" 200 346
INFO 2023-12-19 11:28:55,637 basehttp 12568 11400 "GET /2/ HTTP/1.1" 200 377
INFO 2023-12-19 11:28:57,744 basehttp 12568 11400 "GET /3/ HTTP/1.1" 200 448
INFO 2023-12-19 11:29:00,363 basehttp 12568 11400 "GET /2/ HTTP/1.1" 200 377
INFO 2023-12-19 11:29:02,127 basehttp 12568 11400 "GET /1/ HTTP/1.1" 200 346
INFO 2023-12-19 11:29:04,282 basehttp 12568 11400 "GET /2/ HTTP/1.1" 200 377
INFO 2023-12-19 11:29:07,538 basehttp 12568 11400 "GET /3/ HTTP/1.1" 200 448
INFO 2023-12-19 11:30:34,083 autoreload 7308 9396 Watching for file changes with StatReloader
INFO 2023-12-19 11:30:36,109 basehttp 7308 13472 "GET /3/ HTTP/1.1" 200 448
INFO 2023-12-19 11:30:38,530 basehttp 7308 13472 "GET /3/ HTTP/1.1" 200 448
INFO 2023-12-19 11:30:39,960 basehttp 7308 13472 "GET /2/ HTTP/1.1" 200 377
INFO 2023-12-19 11:30:44,199 basehttp 7308 13472 "GET / HTTP/1.1" 200 1292
INFO 2023-12-19 11:30:44,907 basehttp 7308 13472 "GET /1/ HTTP/1.1" 200 346
INFO 2022-11-25 11:36:17,043 autoreload 16748 15520 Watching for file changes with StatReloader
INFO 2022-11-25 11:36:19,426 basehttp 16748 6808 "GET / HTTP/1.1" 200 1292
INFO 2022-11-25 11:36:20,174 basehttp 16748 6808 "GET /1/ HTTP/1.1" 200 439
INFO 2022-11-25 11:36:22,338 basehttp 16748 6808 "GET /2/ HTTP/1.1" 200 439
INFO 2022-11-25 11:36:23,943 basehttp 16748 6808 "GET /3/ HTTP/1.1" 200 448
INFO 2023-12-19 11:37:12,652 autoreload 20380 17860 Watching for file changes with StatReloader
INFO 2023-12-19 11:37:17,129 basehttp 20380 14448 "GET / HTTP/1.1" 200 1292
WARNING 2023-12-19 11:37:17,212 log 20380 14448 Not Found: /favicon.ico
WARNING 2023-12-19 11:37:17,213 basehttp 20380 14448 "GET /favicon.ico HTTP/1.1" 404 2471
INFO 2023-12-19 11:37:18,145 basehttp 20380 14448 "GET /1/ HTTP/1.1" 200 439
INFO 2023-12-19 11:37:20,166 basehttp 20380 14448 "GET /2/ HTTP/1.1" 200 408
INFO 2023-12-19 11:37:22,209 basehttp 20380 14448 "GET /3/ HTTP/1.1" 200 346
INFO 2023-12-19 11:37:25,882 basehttp 20380 14448 "GET /1/ HTTP/1.1" 200 439
INFO 2023-12-19 11:37:28,140 basehttp 20380 14448 "GET /2/ HTTP/1.1" 200 408
INFO 2023-12-19 11:37:30,128 basehttp 20380 14448 "GET /3/ HTTP/1.1" 200 346
INFO 2023-12-19 11:41:08,402 autoreload 16416 12460 Watching for file changes with StatReloader
INFO 2023-12-19 11:41:12,869 basehttp 16416 16208 "GET / HTTP/1.1" 200 1292
INFO 2023-12-19 11:41:14,423 basehttp 16416 16208 "GET /1/ HTTP/1.1" 200 439
INFO 2023-12-19 11:41:16,472 basehttp 16416 16208 "GET /2/ HTTP/1.1" 200 408
INFO 2023-12-19 11:41:18,295 basehttp 16416 16208 "GET /3/ HTTP/1.1" 200 380
INFO 2023-12-19 11:41:24,453 basehttp 16416 16208 "GET /2/ HTTP/1.1" 200 408
INFO 2023-12-19 11:41:27,269 basehttp 16416 16208 "GET /1/ HTTP/1.1" 200 439
INFO 2023-12-19 11:41:29,693 basehttp 16416 16208 "GET /2/ HTTP/1.1" 200 408
INFO 2023-12-19 11:41:31,393 basehttp 16416 16208 "GET /3/ HTTP/1.1" 200 380
